  Determining projects to restore...
  All projects are up-to-date for restore.
/home/mnz/Workspace/architect/my-skeleton/skeleton-api-net/tools/generator/src/Services/SmartProjectGenerator.cs(1800,46): error CS1002: ; expected [/home/mnz/Workspace/architect/my-skeleton/skeleton-api-net/tools/generator/src/SkeletonApi.Generator.csproj]
/home/mnz/Workspace/architect/my-skeleton/skeleton-api-net/tools/generator/src/Services/SmartProjectGenerator.cs(1800,51): error CS1002: ; expected [/home/mnz/Workspace/architect/my-skeleton/skeleton-api-net/tools/generator/src/SkeletonApi.Generator.csproj]
/home/mnz/Workspace/architect/my-skeleton/skeleton-api-net/tools/generator/src/Services/SmartProjectGenerator.cs(1800,51): error CS1010: Newline in constant [/home/mnz/Workspace/architect/my-skeleton/skeleton-api-net/tools/generator/src/SkeletonApi.Generator.csproj]
/home/mnz/Workspace/architect/my-skeleton/skeleton-api-net/tools/generator/src/Services/SmartProjectGenerator.cs(1810,11): error CS1022: Type or namespace definition, or end-of-file expected [/home/mnz/Workspace/architect/my-skeleton/skeleton-api-net/tools/generator/src/SkeletonApi.Generator.csproj]
/home/mnz/Workspace/architect/my-skeleton/skeleton-api-net/tools/generator/src/Services/SmartProjectGenerator.cs(1812,69): error CS0116: A namespace cannot directly contain members such as fields, methods or statements [/home/mnz/Workspace/architect/my-skeleton/skeleton-api-net/tools/generator/src/SkeletonApi.Generator.csproj]
/home/mnz/Workspace/architect/my-skeleton/skeleton-api-net/tools/generator/src/Services/SmartProjectGenerator.cs(1812,71): error CS8124: Tuple must contain at least two elements. [/home/mnz/Workspace/architect/my-skeleton/skeleton-api-net/tools/generator/src/SkeletonApi.Generator.csproj]
/home/mnz/Workspace/architect/my-skeleton/skeleton-api-net/tools/generator/src/Services/SmartProjectGenerator.cs(1812,72): error CS1022: Type or namespace definition, or end-of-file expected [/home/mnz/Workspace/architect/my-skeleton/skeleton-api-net/tools/generator/src/SkeletonApi.Generator.csproj]
/home/mnz/Workspace/architect/my-skeleton/skeleton-api-net/tools/generator/src/Services/SmartProjectGenerator.cs(1813,18): error CS0116: A namespace cannot directly contain members such as fields, methods or statements [/home/mnz/Workspace/architect/my-skeleton/skeleton-api-net/tools/generator/src/SkeletonApi.Generator.csproj]
/home/mnz/Workspace/architect/my-skeleton/skeleton-api-net/tools/generator/src/Services/SmartProjectGenerator.cs(1813,54): error CS8124: Tuple must contain at least two elements. [/home/mnz/Workspace/architect/my-skeleton/skeleton-api-net/tools/generator/src/SkeletonApi.Generator.csproj]
/home/mnz/Workspace/architect/my-skeleton/skeleton-api-net/tools/generator/src/Services/SmartProjectGenerator.cs(1813,55): error CS1022: Type or namespace definition, or end-of-file expected [/home/mnz/Workspace/architect/my-skeleton/skeleton-api-net/tools/generator/src/SkeletonApi.Generator.csproj]
/home/mnz/Workspace/architect/my-skeleton/skeleton-api-net/tools/generator/src/Services/SmartProjectGenerator.cs(1814,16): error CS0116: A namespace cannot directly contain members such as fields, methods or statements [/home/mnz/Workspace/architect/my-skeleton/skeleton-api-net/tools/generator/src/SkeletonApi.Generator.csproj]
/home/mnz/Workspace/architect/my-skeleton/skeleton-api-net/tools/generator/src/Services/SmartProjectGenerator.cs(1814,24): error CS1022: Type or namespace definition, or end-of-file expected [/home/mnz/Workspace/architect/my-skeleton/skeleton-api-net/tools/generator/src/SkeletonApi.Generator.csproj]
/home/mnz/Workspace/architect/my-skeleton/skeleton-api-net/tools/generator/src/Services/SmartProjectGenerator.cs(1815,5): error CS1022: Type or namespace definition, or end-of-file expected [/home/mnz/Workspace/architect/my-skeleton/skeleton-api-net/tools/generator/src/SkeletonApi.Generator.csproj]
/home/mnz/Workspace/architect/my-skeleton/skeleton-api-net/tools/generator/src/Services/SmartProjectGenerator.cs(1815,6): error CS1022: Type or namespace definition, or end-of-file expected [/home/mnz/Workspace/architect/my-skeleton/skeleton-api-net/tools/generator/src/SkeletonApi.Generator.csproj]
/home/mnz/Workspace/architect/my-skeleton/skeleton-api-net/tools/generator/src/Services/SmartProjectGenerator.cs(1816,1): error CS1022: Type or namespace definition, or end-of-file expected [/home/mnz/Workspace/architect/my-skeleton/skeleton-api-net/tools/generator/src/SkeletonApi.Generator.csproj]
/home/mnz/Workspace/architect/my-skeleton/skeleton-api-net/tools/generator/src/Services/SmartProjectGenerator.cs(1816,2): error CS1022: Type or namespace definition, or end-of-file expected [/home/mnz/Workspace/architect/my-skeleton/skeleton-api-net/tools/generator/src/SkeletonApi.Generator.csproj]
/home/mnz/Workspace/architect/my-skeleton/skeleton-api-net/tools/generator/src/Services/SmartProjectGenerator.cs(1816,3): error CS8803: Top-level statements must precede namespace and type declarations. [/home/mnz/Workspace/architect/my-skeleton/skeleton-api-net/tools/generator/src/SkeletonApi.Generator.csproj]
/home/mnz/Workspace/architect/my-skeleton/skeleton-api-net/tools/generator/src/Services/SmartProjectGenerator.cs(1816,3): error CS1010: Newline in constant [/home/mnz/Workspace/architect/my-skeleton/skeleton-api-net/tools/generator/src/SkeletonApi.Generator.csproj]
/home/mnz/Workspace/architect/my-skeleton/skeleton-api-net/tools/generator/src/Services/SmartProjectGenerator.cs(1816,5): error CS1002: ; expected [/home/mnz/Workspace/architect/my-skeleton/skeleton-api-net/tools/generator/src/SkeletonApi.Generator.csproj]
/home/mnz/Workspace/architect/my-skeleton/skeleton-api-net/tools/generator/src/Services/SmartProjectGenerator.cs(1817,5): error CS1022: Type or namespace definition, or end-of-file expected [/home/mnz/Workspace/architect/my-skeleton/skeleton-api-net/tools/generator/src/SkeletonApi.Generator.csproj]
/home/mnz/Workspace/architect/my-skeleton/skeleton-api-net/tools/generator/src/Services/SmartProjectGenerator.cs(1819,5): error CS0106: The modifier 'private' is not valid for this item [/home/mnz/Workspace/architect/my-skeleton/skeleton-api-net/tools/generator/src/SkeletonApi.Generator.csproj]
/home/mnz/Workspace/architect/my-skeleton/skeleton-api-net/tools/generator/src/Services/SmartProjectGenerator.cs(1825,5): error CS0106: The modifier 'private' is not valid for this item [/home/mnz/Workspace/architect/my-skeleton/skeleton-api-net/tools/generator/src/SkeletonApi.Generator.csproj]
/home/mnz/Workspace/architect/my-skeleton/skeleton-api-net/tools/generator/src/Services/SmartProjectGenerator.cs(1904,5): error CS0106: The modifier 'private' is not valid for this item [/home/mnz/Workspace/architect/my-skeleton/skeleton-api-net/tools/generator/src/SkeletonApi.Generator.csproj]
/home/mnz/Workspace/architect/my-skeleton/skeleton-api-net/tools/generator/src/Services/SmartProjectGenerator.cs(1919,5): error CS0106: The modifier 'private' is not valid for this item [/home/mnz/Workspace/architect/my-skeleton/skeleton-api-net/tools/generator/src/SkeletonApi.Generator.csproj]
/home/mnz/Workspace/architect/my-skeleton/skeleton-api-net/tools/generator/src/Services/SmartProjectGenerator.cs(2021,5): error CS0106: The modifier 'private' is not valid for this item [/home/mnz/Workspace/architect/my-skeleton/skeleton-api-net/tools/generator/src/SkeletonApi.Generator.csproj]
/home/mnz/Workspace/architect/my-skeleton/skeleton-api-net/tools/generator/src/Services/SmartProjectGenerator.cs(2149,5): error CS0106: The modifier 'private' is not valid for this item [/home/mnz/Workspace/architect/my-skeleton/skeleton-api-net/tools/generator/src/SkeletonApi.Generator.csproj]
/home/mnz/Workspace/architect/my-skeleton/skeleton-api-net/tools/generator/src/Services/SmartProjectGenerator.cs(2176,5): error CS0106: The modifier 'private' is not valid for this item [/home/mnz/Workspace/architect/my-skeleton/skeleton-api-net/tools/generator/src/SkeletonApi.Generator.csproj]
/home/mnz/Workspace/architect/my-skeleton/skeleton-api-net/tools/generator/src/Services/SmartProjectGenerator.cs(2194,5): error CS0106: The modifier 'private' is not valid for this item [/home/mnz/Workspace/architect/my-skeleton/skeleton-api-net/tools/generator/src/SkeletonApi.Generator.csproj]
/home/mnz/Workspace/architect/my-skeleton/skeleton-api-net/tools/generator/src/Services/SmartProjectGenerator.cs(2207,5): error CS0106: The modifier 'private' is not valid for this item [/home/mnz/Workspace/architect/my-skeleton/skeleton-api-net/tools/generator/src/SkeletonApi.Generator.csproj]
/home/mnz/Workspace/architect/my-skeleton/skeleton-api-net/tools/generator/src/Services/SmartProjectGenerator.cs(2212,5): error CS0106: The modifier 'private' is not valid for this item [/home/mnz/Workspace/architect/my-skeleton/skeleton-api-net/tools/generator/src/SkeletonApi.Generator.csproj]
/home/mnz/Workspace/architect/my-skeleton/skeleton-api-net/tools/generator/src/Services/SmartProjectGenerator.cs(2220,5): error CS0106: The modifier 'private' is not valid for this item [/home/mnz/Workspace/architect/my-skeleton/skeleton-api-net/tools/generator/src/SkeletonApi.Generator.csproj]
/home/mnz/Workspace/architect/my-skeleton/skeleton-api-net/tools/generator/src/Services/SmartProjectGenerator.cs(2244,5): error CS0106: The modifier 'private' is not valid for this item [/home/mnz/Workspace/architect/my-skeleton/skeleton-api-net/tools/generator/src/SkeletonApi.Generator.csproj]
/home/mnz/Workspace/architect/my-skeleton/skeleton-api-net/tools/generator/src/Services/SmartProjectGenerator.cs(2264,5): error CS0106: The modifier 'private' is not valid for this item [/home/mnz/Workspace/architect/my-skeleton/skeleton-api-net/tools/generator/src/SkeletonApi.Generator.csproj]
/home/mnz/Workspace/architect/my-skeleton/skeleton-api-net/tools/generator/src/Services/SmartProjectGenerator.cs(2280,5): error CS0106: The modifier 'private' is not valid for this item [/home/mnz/Workspace/architect/my-skeleton/skeleton-api-net/tools/generator/src/SkeletonApi.Generator.csproj]
/home/mnz/Workspace/architect/my-skeleton/skeleton-api-net/tools/generator/src/Services/SmartProjectGenerator.cs(2286,5): error CS0106: The modifier 'private' is not valid for this item [/home/mnz/Workspace/architect/my-skeleton/skeleton-api-net/tools/generator/src/SkeletonApi.Generator.csproj]
/home/mnz/Workspace/architect/my-skeleton/skeleton-api-net/tools/generator/src/Services/SmartProjectGenerator.cs(2314,5): error CS0106: The modifier 'private' is not valid for this item [/home/mnz/Workspace/architect/my-skeleton/skeleton-api-net/tools/generator/src/SkeletonApi.Generator.csproj]
/home/mnz/Workspace/architect/my-skeleton/skeleton-api-net/tools/generator/src/Services/SmartProjectGenerator.cs(2327,5): error CS0106: The modifier 'private' is not valid for this item [/home/mnz/Workspace/architect/my-skeleton/skeleton-api-net/tools/generator/src/SkeletonApi.Generator.csproj]
/home/mnz/Workspace/architect/my-skeleton/skeleton-api-net/tools/generator/src/Services/SmartProjectGenerator.cs(2346,5): error CS0106: The modifier 'private' is not valid for this item [/home/mnz/Workspace/architect/my-skeleton/skeleton-api-net/tools/generator/src/SkeletonApi.Generator.csproj]
/home/mnz/Workspace/architect/my-skeleton/skeleton-api-net/tools/generator/src/Services/SmartProjectGenerator.cs(2372,5): error CS0106: The modifier 'private' is not valid for this item [/home/mnz/Workspace/architect/my-skeleton/skeleton-api-net/tools/generator/src/SkeletonApi.Generator.csproj]
/home/mnz/Workspace/architect/my-skeleton/skeleton-api-net/tools/generator/src/Services/SmartProjectGenerator.cs(2459,5): error CS0106: The modifier 'private' is not valid for this item [/home/mnz/Workspace/architect/my-skeleton/skeleton-api-net/tools/generator/src/SkeletonApi.Generator.csproj]
/home/mnz/Workspace/architect/my-skeleton/skeleton-api-net/tools/generator/src/Services/SmartProjectGenerator.cs(2501,1): error CS1022: Type or namespace definition, or end-of-file expected [/home/mnz/Workspace/architect/my-skeleton/skeleton-api-net/tools/generator/src/SkeletonApi.Generator.csproj]

Build FAILED.

/home/mnz/Workspace/architect/my-skeleton/skeleton-api-net/tools/generator/src/Services/SmartProjectGenerator.cs(1800,46): error CS1002: ; expected [/home/mnz/Workspace/architect/my-skeleton/skeleton-api-net/tools/generator/src/SkeletonApi.Generator.csproj]
/home/mnz/Workspace/architect/my-skeleton/skeleton-api-net/tools/generator/src/Services/SmartProjectGenerator.cs(1800,51): error CS1002: ; expected [/home/mnz/Workspace/architect/my-skeleton/skeleton-api-net/tools/generator/src/SkeletonApi.Generator.csproj]
/home/mnz/Workspace/architect/my-skeleton/skeleton-api-net/tools/generator/src/Services/SmartProjectGenerator.cs(1800,51): error CS1010: Newline in constant [/home/mnz/Workspace/architect/my-skeleton/skeleton-api-net/tools/generator/src/SkeletonApi.Generator.csproj]
/home/mnz/Workspace/architect/my-skeleton/skeleton-api-net/tools/generator/src/Services/SmartProjectGenerator.cs(1810,11): error CS1022: Type or namespace definition, or end-of-file expected [/home/mnz/Workspace/architect/my-skeleton/skeleton-api-net/tools/generator/src/SkeletonApi.Generator.csproj]
/home/mnz/Workspace/architect/my-skeleton/skeleton-api-net/tools/generator/src/Services/SmartProjectGenerator.cs(1812,69): error CS0116: A namespace cannot directly contain members such as fields, methods or statements [/home/mnz/Workspace/architect/my-skeleton/skeleton-api-net/tools/generator/src/SkeletonApi.Generator.csproj]
/home/mnz/Workspace/architect/my-skeleton/skeleton-api-net/tools/generator/src/Services/SmartProjectGenerator.cs(1812,71): error CS8124: Tuple must contain at least two elements. [/home/mnz/Workspace/architect/my-skeleton/skeleton-api-net/tools/generator/src/SkeletonApi.Generator.csproj]
/home/mnz/Workspace/architect/my-skeleton/skeleton-api-net/tools/generator/src/Services/SmartProjectGenerator.cs(1812,72): error CS1022: Type or namespace definition, or end-of-file expected [/home/mnz/Workspace/architect/my-skeleton/skeleton-api-net/tools/generator/src/SkeletonApi.Generator.csproj]
/home/mnz/Workspace/architect/my-skeleton/skeleton-api-net/tools/generator/src/Services/SmartProjectGenerator.cs(1813,18): error CS0116: A namespace cannot directly contain members such as fields, methods or statements [/home/mnz/Workspace/architect/my-skeleton/skeleton-api-net/tools/generator/src/SkeletonApi.Generator.csproj]
/home/mnz/Workspace/architect/my-skeleton/skeleton-api-net/tools/generator/src/Services/SmartProjectGenerator.cs(1813,54): error CS8124: Tuple must contain at least two elements. [/home/mnz/Workspace/architect/my-skeleton/skeleton-api-net/tools/generator/src/SkeletonApi.Generator.csproj]
/home/mnz/Workspace/architect/my-skeleton/skeleton-api-net/tools/generator/src/Services/SmartProjectGenerator.cs(1813,55): error CS1022: Type or namespace definition, or end-of-file expected [/home/mnz/Workspace/architect/my-skeleton/skeleton-api-net/tools/generator/src/SkeletonApi.Generator.csproj]
/home/mnz/Workspace/architect/my-skeleton/skeleton-api-net/tools/generator/src/Services/SmartProjectGenerator.cs(1814,16): error CS0116: A namespace cannot directly contain members such as fields, methods or statements [/home/mnz/Workspace/architect/my-skeleton/skeleton-api-net/tools/generator/src/SkeletonApi.Generator.csproj]
/home/mnz/Workspace/architect/my-skeleton/skeleton-api-net/tools/generator/src/Services/SmartProjectGenerator.cs(1814,24): error CS1022: Type or namespace definition, or end-of-file expected [/home/mnz/Workspace/architect/my-skeleton/skeleton-api-net/tools/generator/src/SkeletonApi.Generator.csproj]
/home/mnz/Workspace/architect/my-skeleton/skeleton-api-net/tools/generator/src/Services/SmartProjectGenerator.cs(1815,5): error CS1022: Type or namespace definition, or end-of-file expected [/home/mnz/Workspace/architect/my-skeleton/skeleton-api-net/tools/generator/src/SkeletonApi.Generator.csproj]
/home/mnz/Workspace/architect/my-skeleton/skeleton-api-net/tools/generator/src/Services/SmartProjectGenerator.cs(1815,6): error CS1022: Type or namespace definition, or end-of-file expected [/home/mnz/Workspace/architect/my-skeleton/skeleton-api-net/tools/generator/src/SkeletonApi.Generator.csproj]
/home/mnz/Workspace/architect/my-skeleton/skeleton-api-net/tools/generator/src/Services/SmartProjectGenerator.cs(1816,1): error CS1022: Type or namespace definition, or end-of-file expected [/home/mnz/Workspace/architect/my-skeleton/skeleton-api-net/tools/generator/src/SkeletonApi.Generator.csproj]
/home/mnz/Workspace/architect/my-skeleton/skeleton-api-net/tools/generator/src/Services/SmartProjectGenerator.cs(1816,2): error CS1022: Type or namespace definition, or end-of-file expected [/home/mnz/Workspace/architect/my-skeleton/skeleton-api-net/tools/generator/src/SkeletonApi.Generator.csproj]
/home/mnz/Workspace/architect/my-skeleton/skeleton-api-net/tools/generator/src/Services/SmartProjectGenerator.cs(1816,3): error CS8803: Top-level statements must precede namespace and type declarations. [/home/mnz/Workspace/architect/my-skeleton/skeleton-api-net/tools/generator/src/SkeletonApi.Generator.csproj]
/home/mnz/Workspace/architect/my-skeleton/skeleton-api-net/tools/generator/src/Services/SmartProjectGenerator.cs(1816,3): error CS1010: Newline in constant [/home/mnz/Workspace/architect/my-skeleton/skeleton-api-net/tools/generator/src/SkeletonApi.Generator.csproj]
/home/mnz/Workspace/architect/my-skeleton/skeleton-api-net/tools/generator/src/Services/SmartProjectGenerator.cs(1816,5): error CS1002: ; expected [/home/mnz/Workspace/architect/my-skeleton/skeleton-api-net/tools/generator/src/SkeletonApi.Generator.csproj]
/home/mnz/Workspace/architect/my-skeleton/skeleton-api-net/tools/generator/src/Services/SmartProjectGenerator.cs(1817,5): error CS1022: Type or namespace definition, or end-of-file expected [/home/mnz/Workspace/architect/my-skeleton/skeleton-api-net/tools/generator/src/SkeletonApi.Generator.csproj]
/home/mnz/Workspace/architect/my-skeleton/skeleton-api-net/tools/generator/src/Services/SmartProjectGenerator.cs(1819,5): error CS0106: The modifier 'private' is not valid for this item [/home/mnz/Workspace/architect/my-skeleton/skeleton-api-net/tools/generator/src/SkeletonApi.Generator.csproj]
/home/mnz/Workspace/architect/my-skeleton/skeleton-api-net/tools/generator/src/Services/SmartProjectGenerator.cs(1825,5): error CS0106: The modifier 'private' is not valid for this item [/home/mnz/Workspace/architect/my-skeleton/skeleton-api-net/tools/generator/src/SkeletonApi.Generator.csproj]
/home/mnz/Workspace/architect/my-skeleton/skeleton-api-net/tools/generator/src/Services/SmartProjectGenerator.cs(1904,5): error CS0106: The modifier 'private' is not valid for this item [/home/mnz/Workspace/architect/my-skeleton/skeleton-api-net/tools/generator/src/SkeletonApi.Generator.csproj]
/home/mnz/Workspace/architect/my-skeleton/skeleton-api-net/tools/generator/src/Services/SmartProjectGenerator.cs(1919,5): error CS0106: The modifier 'private' is not valid for this item [/home/mnz/Workspace/architect/my-skeleton/skeleton-api-net/tools/generator/src/SkeletonApi.Generator.csproj]
/home/mnz/Workspace/architect/my-skeleton/skeleton-api-net/tools/generator/src/Services/SmartProjectGenerator.cs(2021,5): error CS0106: The modifier 'private' is not valid for this item [/home/mnz/Workspace/architect/my-skeleton/skeleton-api-net/tools/generator/src/SkeletonApi.Generator.csproj]
/home/mnz/Workspace/architect/my-skeleton/skeleton-api-net/tools/generator/src/Services/SmartProjectGenerator.cs(2149,5): error CS0106: The modifier 'private' is not valid for this item [/home/mnz/Workspace/architect/my-skeleton/skeleton-api-net/tools/generator/src/SkeletonApi.Generator.csproj]
/home/mnz/Workspace/architect/my-skeleton/skeleton-api-net/tools/generator/src/Services/SmartProjectGenerator.cs(2176,5): error CS0106: The modifier 'private' is not valid for this item [/home/mnz/Workspace/architect/my-skeleton/skeleton-api-net/tools/generator/src/SkeletonApi.Generator.csproj]
/home/mnz/Workspace/architect/my-skeleton/skeleton-api-net/tools/generator/src/Services/SmartProjectGenerator.cs(2194,5): error CS0106: The modifier 'private' is not valid for this item [/home/mnz/Workspace/architect/my-skeleton/skeleton-api-net/tools/generator/src/SkeletonApi.Generator.csproj]
/home/mnz/Workspace/architect/my-skeleton/skeleton-api-net/tools/generator/src/Services/SmartProjectGenerator.cs(2207,5): error CS0106: The modifier 'private' is not valid for this item [/home/mnz/Workspace/architect/my-skeleton/skeleton-api-net/tools/generator/src/SkeletonApi.Generator.csproj]
/home/mnz/Workspace/architect/my-skeleton/skeleton-api-net/tools/generator/src/Services/SmartProjectGenerator.cs(2212,5): error CS0106: The modifier 'private' is not valid for this item [/home/mnz/Workspace/architect/my-skeleton/skeleton-api-net/tools/generator/src/SkeletonApi.Generator.csproj]
/home/mnz/Workspace/architect/my-skeleton/skeleton-api-net/tools/generator/src/Services/SmartProjectGenerator.cs(2220,5): error CS0106: The modifier 'private' is not valid for this item [/home/mnz/Workspace/architect/my-skeleton/skeleton-api-net/tools/generator/src/SkeletonApi.Generator.csproj]
/home/mnz/Workspace/architect/my-skeleton/skeleton-api-net/tools/generator/src/Services/SmartProjectGenerator.cs(2244,5): error CS0106: The modifier 'private' is not valid for this item [/home/mnz/Workspace/architect/my-skeleton/skeleton-api-net/tools/generator/src/SkeletonApi.Generator.csproj]
/home/mnz/Workspace/architect/my-skeleton/skeleton-api-net/tools/generator/src/Services/SmartProjectGenerator.cs(2264,5): error CS0106: The modifier 'private' is not valid for this item [/home/mnz/Workspace/architect/my-skeleton/skeleton-api-net/tools/generator/src/SkeletonApi.Generator.csproj]
/home/mnz/Workspace/architect/my-skeleton/skeleton-api-net/tools/generator/src/Services/SmartProjectGenerator.cs(2280,5): error CS0106: The modifier 'private' is not valid for this item [/home/mnz/Workspace/architect/my-skeleton/skeleton-api-net/tools/generator/src/SkeletonApi.Generator.csproj]
/home/mnz/Workspace/architect/my-skeleton/skeleton-api-net/tools/generator/src/Services/SmartProjectGenerator.cs(2286,5): error CS0106: The modifier 'private' is not valid for this item [/home/mnz/Workspace/architect/my-skeleton/skeleton-api-net/tools/generator/src/SkeletonApi.Generator.csproj]
/home/mnz/Workspace/architect/my-skeleton/skeleton-api-net/tools/generator/src/Services/SmartProjectGenerator.cs(2314,5): error CS0106: The modifier 'private' is not valid for this item [/home/mnz/Workspace/architect/my-skeleton/skeleton-api-net/tools/generator/src/SkeletonApi.Generator.csproj]
/home/mnz/Workspace/architect/my-skeleton/skeleton-api-net/tools/generator/src/Services/SmartProjectGenerator.cs(2327,5): error CS0106: The modifier 'private' is not valid for this item [/home/mnz/Workspace/architect/my-skeleton/skeleton-api-net/tools/generator/src/SkeletonApi.Generator.csproj]
/home/mnz/Workspace/architect/my-skeleton/skeleton-api-net/tools/generator/src/Services/SmartProjectGenerator.cs(2346,5): error CS0106: The modifier 'private' is not valid for this item [/home/mnz/Workspace/architect/my-skeleton/skeleton-api-net/tools/generator/src/SkeletonApi.Generator.csproj]
/home/mnz/Workspace/architect/my-skeleton/skeleton-api-net/tools/generator/src/Services/SmartProjectGenerator.cs(2372,5): error CS0106: The modifier 'private' is not valid for this item [/home/mnz/Workspace/architect/my-skeleton/skeleton-api-net/tools/generator/src/SkeletonApi.Generator.csproj]
/home/mnz/Workspace/architect/my-skeleton/skeleton-api-net/tools/generator/src/Services/SmartProjectGenerator.cs(2459,5): error CS0106: The modifier 'private' is not valid for this item [/home/mnz/Workspace/architect/my-skeleton/skeleton-api-net/tools/generator/src/SkeletonApi.Generator.csproj]
/home/mnz/Workspace/architect/my-skeleton/skeleton-api-net/tools/generator/src/Services/SmartProjectGenerator.cs(2501,1): error CS1022: Type or namespace definition, or end-of-file expected [/home/mnz/Workspace/architect/my-skeleton/skeleton-api-net/tools/generator/src/SkeletonApi.Generator.csproj]
    0 Warning(s)
    41 Error(s)

Time Elapsed 00:00:01.03
